<?xml version="1.0" encoding="UTF-8"?>
<testsuite xmlns:xsi="http://www.w3.org/2001/XMLSchema-instance" xsi:noNamespaceSchemaLocation="https://maven.apache.org/surefire/maven-surefire-plugin/xsd/surefire-test-report-3.0.xsd" version="3.0" name="com.monitoramento.MonitoramentoRedeApplicationTests" time="4.176" tests="1" errors="0" skipped="0" failures="0">
  <properties>
[...]
</properties>
  <testcase name="contextLoads" classname="com.monitoramento.MonitoramentoRedeApplicationTests" time="0.935">
    <system-out><![CDATA[10:29:37.502 [main] INFO org.springframework.test.context.support.AnnotationConfigContextLoaderUtils -- Could not detect default configuration classes for test class [com.monitoramento.MonitoramentoRedeApplicationTests]: MonitoramentoRedeApplicationTests does not declare any static, non-private, non-final, nested classes annotated with @Configuration.
10:29:37.625 [main] INFO org.springframework.boot.test.context.SpringBootTestContextBootstrapper -- Found @SpringBootConfiguration com.monitoramento.MonitoramentoRedeApplication for test class com.monitoramento.MonitoramentoRedeApplicationTests
10:29:37,365 |-INFO in ch.qos.logback.classic.LoggerContext[default] - This is logback-classic version 1.4.7
10:29:37,393 |-INFO in ch.qos.logback.classic.LoggerContext[default] - Could NOT find resource [logback-test.xml]
10:29:37,393 |-INFO in ch.qos.logback.classic.LoggerContext[default] - Could NOT find resource [logback.xml]
10:29:37,394 |-INFO in ch.qos.logback.classic.BasicConfigurator@5dda14d0 - Setting up default configuration.
10:29:38,208 |-INFO in ch.qos.logback.core.model.processor.AppenderModelHandler - Processing appender named [Console]
10:29:38,208 |-INFO in ch.qos.logback.core.model.processor.AppenderModelHandler - About to instantiate appender of type [ch.qos.logback.core.ConsoleAppender]
10:29:38,230 |-WARN in ch.qos.logback.core.ConsoleAppender[Console] - This appender no longer admits a layout as a sub-component, set an encoder instead.
10:29:38,230 |-WARN in ch.qos.logback.core.ConsoleAppender[Console] - To ensure compatibility, wrapping your layout in LayoutWrappingEncoder.
10:29:38,230 |-WARN in ch.qos.logback.core.ConsoleAppender[Console] - See also http://logback.qos.ch/codes.html#layoutInsteadOfEncoder for details
10:29:38,231 |-INFO in ch.qos.logback.classic.model.processor.RootLoggerModelHandler - Setting level of ROOT logger to INFO
10:29:38,231 |-INFO in ch.qos.logback.classic.jul.LevelChangePropagator@1db0ec27 - Propagating INFO level on Logger[ROOT] onto the JUL framework
10:29:38,231 |-INFO in ch.qos.logback.core.model.processor.AppenderRefModelHandler - Attaching appender named [Console] to Logger[ROOT]
10:29:38,231 |-INFO in ch.qos.logback.core.model.processor.DefaultProcessor@3d9fc57a - End of configuration.
10:29:38,232 |-INFO in org.springframework.boot.logging.logback.SpringBootJoranConfigurator@d4ab71a - Registering current configuration as safe fallback point


  .   ____          _            __ _ _
 /\\ / ___'_ __ _ _(_)_ __  __ _ \ \ \ \
( ( )\___ | '_ | '_| | '_ \/ _` | \ \ \ \
 \\/  ___)| |_)| | | | | || (_| |  ) ) ) )
  '  |____| .__|_| |_|_| |_\__, | / / / /
 =========|_|==============|___/=/_/_/_/
 :: Spring Boot ::                (v3.1.0)

2025-03-19 10:29:38,306 INFO  [main] c.m.MonitoramentoRedeApplicationTests: Starting MonitoramentoRedeApplicationTests using Java 21.0.6 with PID 27820 (started by fabio in C:\Users\fabio\OneDrive\Área de Trabalho\prometeus_grafana\monitoramento-rede\backend)
2025-03-19 10:29:38,306 DEBUG [main] c.m.MonitoramentoRedeApplicationTests: Running with Spring Boot v3.1.0, Spring v6.0.9
2025-03-19 10:29:38,307 INFO  [main] c.m.MonitoramentoRedeApplicationTests: No active profile set, falling back to 1 default profile: "default"
2025-03-19 10:29:40,412 INFO  [main] o.s.b.a.e.w.EndpointLinksResolver: Exposing 2 endpoint(s) beneath base path '/actuator'
2025-03-19 10:29:40,473 INFO  [main] c.m.MonitoramentoRedeApplicationTests: Started MonitoramentoRedeApplicationTests in 2.583 seconds (process running for 4.005)
2025-03-19 10:29:40,722 INFO  [scheduling-1] o.s.a.r.c.CachingConnectionFactory: Attempting to connect to: [localhost:5672]
2025-03-19 10:29:40,813 INFO  [scheduling-1] o.s.a.r.c.CachingConnectionFactory: Attempting to connect to: [localhost:5672]
2025-03-19 10:29:41,055 INFO  [scheduling-1] o.s.a.r.c.CachingConnectionFactory: Attempting to connect to: [localhost:5672]
]]></system-out>
    <system-err><![CDATA[WARNING: A Java agent has been loaded dynamically (C:\Users\fabio\.m2\repository\net\bytebuddy\byte-buddy-agent\1.14.4\byte-buddy-agent-1.14.4.jar)
WARNING: If a serviceability tool is in use, please run with -XX:+EnableDynamicAgentLoading to hide this warning
WARNING: If a serviceability tool is not in use, please run with -Djdk.instrument.traceUsage for more information
WARNING: Dynamic loading of agents will be disallowed by default in a future release
]]></system-err>
  </testcase>
</testsuite>